[15-09-2022 10:20:29 Verbose] [Discovering gRPC methods for Identity.Infrastructure.ProtobuffServices.Services.IdentityGrpcService.] at < ( at line )> <Grpc.AspNetCore.Server.Model.Internal.ServiceRouteBuilder>
[15-09-2022 10:20:29 Verbose] [Added gRPC method 'ImportUser' to service 'Internal.Grpc.IdentityService'. Method type: "Unary", HTTP method: POST, route pattern: '/Internal.Grpc.IdentityService/ImportUser'.] at < ( at line )> <Grpc.AspNetCore.Server.Model.Internal.ServiceRouteBuilder>
[15-09-2022 10:20:29 Information] [Starting web host] at < ( at line )> <>
[15-09-2022 10:25:52 Verbose] [Discovering gRPC methods for Identity.Infrastructure.ProtobuffServices.Services.IdentityGrpcService.] at < ( at line )> <Grpc.AspNetCore.Server.Model.Internal.ServiceRouteBuilder>
[15-09-2022 10:25:52 Verbose] [Added gRPC method 'ImportUser' to service 'Internal.Grpc.IdentityService'. Method type: "Unary", HTTP method: POST, route pattern: '/Internal.Grpc.IdentityService/ImportUser'.] at < ( at line )> <Grpc.AspNetCore.Server.Model.Internal.ServiceRouteBuilder>
[15-09-2022 10:25:52 Information] [Starting web host] at < ( at line )> <>
[15-09-2022 10:25:54 Warning] [Overriding address(es) 'http://localhost:5165'. Binding to endpoints defined via IConfiguration and/or UseKestrel() instead.] at < ( at line )> <Microsoft.AspNetCore.Server.Kestrel>
[15-09-2022 10:25:54 Information] [Now listening on: http://[::]:5175] at < ( at line )> <Microsoft.Hosting.Lifetime>
[15-09-2022 10:25:54 Information] [Now listening on: http://[::]:5165] at < ( at line )> <Microsoft.Hosting.Lifetime>
[15-09-2022 10:25:54 Information] [Application started. Press Ctrl+C to shut down.] at < ( at line )> <Microsoft.Hosting.Lifetime>
[15-09-2022 10:25:54 Information] [Hosting environment: Development] at < ( at line )> <Microsoft.Hosting.Lifetime>
[15-09-2022 10:25:54 Information] [Content root path: D:\C#\Microservices\backend\src\Identity\Identity.WebApi\] at < ( at line )> <Microsoft.Hosting.Lifetime>
[15-09-2022 10:25:59 Information] [HTTP GET / responded 404 in 0.7841 ms] at < ( at line )> <Serilog.AspNetCore.RequestLoggingMiddleware>
[15-09-2022 10:26:02 Information] [HTTP GET /graphql responded 301 in 20.8614 ms] at < ( at line )> <Serilog.AspNetCore.RequestLoggingMiddleware>
[15-09-2022 10:26:02 Information] [HTTP GET /favicon.ico responded 404 in 0.0054 ms] at < ( at line )> <Serilog.AspNetCore.RequestLoggingMiddleware>
[15-09-2022 10:26:02 Information] [HTTP GET /graphql/static/js/main.37351ad2.js responded 200 in 47.5483 ms] at < ( at line )> <Serilog.AspNetCore.RequestLoggingMiddleware>
[15-09-2022 10:26:06 Information] [HTTP GET /graphql/bcp-config.json responded 200 in 34.1357 ms] at < ( at line )> <Serilog.AspNetCore.RequestLoggingMiddleware>
[15-09-2022 10:26:07 Information] [HTTP POST /graphql responded 200 in 180.2035 ms] at < ( at line )> <Serilog.AspNetCore.RequestLoggingMiddleware>
[15-09-2022 10:26:07 Information] [HTTP POST /graphql responded 200 in 77.4790 ms] at < ( at line )> <Serilog.AspNetCore.RequestLoggingMiddleware>
[15-09-2022 10:26:07 Information] [HTTP GET /graphql/static/media/FiraCode-Medium.1bc138a84f63b384c3f2.woff2 responded 200 in 2.9215 ms] at < ( at line )> <Serilog.AspNetCore.RequestLoggingMiddleware>
[15-09-2022 10:26:07 Information] [HTTP GET /graphql/static/js/editor.a85ce25e.js responded 200 in 9.0630 ms] at < ( at line )> <Serilog.AspNetCore.RequestLoggingMiddleware>
[15-09-2022 10:26:08 Information] [HTTP GET /graphql/static/js/json.45f3c3ad.js responded 200 in 32.1158 ms] at < ( at line )> <Serilog.AspNetCore.RequestLoggingMiddleware>
[15-09-2022 10:26:08 Information] [HTTP GET /graphql/static/media/codicon.ade705761eb7e702770d.ttf responded 200 in 26.2630 ms] at < ( at line )> <Serilog.AspNetCore.RequestLoggingMiddleware>
[15-09-2022 10:32:00 Information] [HTTP GET /graphql/index.html responded 200 in 26.0858 ms] at < ( at line )> <Serilog.AspNetCore.RequestLoggingMiddleware>
[15-09-2022 10:32:01 Information] [HTTP GET /graphql/bcp-config.json responded 200 in 0.1641 ms] at < ( at line )> <Serilog.AspNetCore.RequestLoggingMiddleware>
[15-09-2022 10:32:01 Information] [HTTP POST /graphql responded 200 in 2.2240 ms] at < ( at line )> <Serilog.AspNetCore.RequestLoggingMiddleware>
[15-09-2022 10:32:01 Information] [HTTP POST /graphql responded 200 in 5.0978 ms] at < ( at line )> <Serilog.AspNetCore.RequestLoggingMiddleware>
[15-09-2022 10:32:14 Error] [An exception occurred in the database while saving changes for context type 'Identity.Infrastructure.Databases.ApplicationDbContext'.
Microsoft.EntityFrameworkCore.DbUpdateException: An error occurred while saving the entity changes. See the inner exception for details.
 ---> Npgsql.PostgresException (0x80004005): 23502: null value in column "Address" of relation "Users" violates not-null constraint

DETAIL: Detail redacted as it may contain sensitive data. Specify 'Include Error Detail' in the connection string to include this information.
   at Npgsql.Internal.NpgsqlConnector.<ReadMessage>g__ReadMessageLong|211_0(NpgsqlConnector connector, Boolean async, DataRowLoadingMode dataRowLoadingMode, Boolean readingNotifications, Boolean isReadingPrependedMessage)
   at Npgsql.NpgsqlDataReader.NextResult(Boolean async, Boolean isConsuming, CancellationToken cancellationToken)
   at Npgsql.EntityFrameworkCore.PostgreSQL.Update.Internal.NpgsqlModificationCommandBatch.ConsumeAsync(RelationalDataReader reader, CancellationToken cancellationToken)
  Exception data:
    Severity: ERROR
    SqlState: 23502
    MessageText: null value in column "Address" of relation "Users" violates not-null constraint
    Detail: Detail redacted as it may contain sensitive data. Specify 'Include Error Detail' in the connection string to include this information.
    SchemaName: public
    TableName: Users
    ColumnName: Address
    File: execmain.c
    Line: 1889
    Routine: ExecConstraints
   --- End of inner exception stack trace ---
   at Npgsql.EntityFrameworkCore.PostgreSQL.Update.Internal.NpgsqlModificationCommandBatch.ConsumeAsync(RelationalDataReader reader, CancellationToken cancellationToken)
   at Microsoft.EntityFrameworkCore.Update.ReaderModificationCommandBatch.ExecuteAsync(IRelationalConnection connection, CancellationToken cancellationToken)
   at Microsoft.EntityFrameworkCore.Update.ReaderModificationCommandBatch.ExecuteAsync(IRelationalConnection connection, CancellationToken cancellationToken)
   at Microsoft.EntityFrameworkCore.Update.Internal.BatchExecutor.ExecuteAsync(IEnumerable`1 commandBatches, IRelationalConnection connection, CancellationToken cancellationToken)
   at Microsoft.EntityFrameworkCore.Update.Internal.BatchExecutor.ExecuteAsync(IEnumerable`1 commandBatches, IRelationalConnection connection, CancellationToken cancellationToken)
   at Microsoft.EntityFrameworkCore.Update.Internal.BatchExecutor.ExecuteAsync(IEnumerable`1 commandBatches, IRelationalConnection connection, CancellationToken cancellationToken)
   at Microsoft.EntityFrameworkCore.ChangeTracking.Internal.StateManager.SaveChangesAsync(IList`1 entriesToSave, CancellationToken cancellationToken)
   at Microsoft.EntityFrameworkCore.ChangeTracking.Internal.StateManager.SaveChangesAsync(StateManager stateManager, Boolean acceptAllChangesOnSuccess, CancellationToken cancellationToken)
   at Npgsql.EntityFrameworkCore.PostgreSQL.Storage.Internal.NpgsqlExecutionStrategy.ExecuteAsync[TState,TResult](TState state, Func`4 operation, Func`4 verifySucceeded, CancellationToken cancellationToken)
   at Microsoft.EntityFrameworkCore.DbContext.SaveChangesAsync(Boolean acceptAllChangesOnSuccess, CancellationToken cancellationToken)] at < ( at line )> <Microsoft.EntityFrameworkCore.Update>
Microsoft.EntityFrameworkCore.DbUpdateException: An error occurred while saving the entity changes. See the inner exception for details.
 ---> Npgsql.PostgresException (0x80004005): 23502: null value in column "Address" of relation "Users" violates not-null constraint

DETAIL: Detail redacted as it may contain sensitive data. Specify 'Include Error Detail' in the connection string to include this information.
   at Npgsql.Internal.NpgsqlConnector.<ReadMessage>g__ReadMessageLong|211_0(NpgsqlConnector connector, Boolean async, DataRowLoadingMode dataRowLoadingMode, Boolean readingNotifications, Boolean isReadingPrependedMessage)
   at Npgsql.NpgsqlDataReader.NextResult(Boolean async, Boolean isConsuming, CancellationToken cancellationToken)
   at Npgsql.EntityFrameworkCore.PostgreSQL.Update.Internal.NpgsqlModificationCommandBatch.ConsumeAsync(RelationalDataReader reader, CancellationToken cancellationToken)
  Exception data:
    Severity: ERROR
    SqlState: 23502
    MessageText: null value in column "Address" of relation "Users" violates not-null constraint
    Detail: Detail redacted as it may contain sensitive data. Specify 'Include Error Detail' in the connection string to include this information.
    SchemaName: public
    TableName: Users
    ColumnName: Address
    File: execmain.c
    Line: 1889
    Routine: ExecConstraints
   --- End of inner exception stack trace ---
   at Npgsql.EntityFrameworkCore.PostgreSQL.Update.Internal.NpgsqlModificationCommandBatch.ConsumeAsync(RelationalDataReader reader, CancellationToken cancellationToken)
   at Microsoft.EntityFrameworkCore.Update.ReaderModificationCommandBatch.ExecuteAsync(IRelationalConnection connection, CancellationToken cancellationToken)
   at Microsoft.EntityFrameworkCore.Update.ReaderModificationCommandBatch.ExecuteAsync(IRelationalConnection connection, CancellationToken cancellationToken)
   at Microsoft.EntityFrameworkCore.Update.Internal.BatchExecutor.ExecuteAsync(IEnumerable`1 commandBatches, IRelationalConnection connection, CancellationToken cancellationToken)
   at Microsoft.EntityFrameworkCore.Update.Internal.BatchExecutor.ExecuteAsync(IEnumerable`1 commandBatches, IRelationalConnection connection, CancellationToken cancellationToken)
   at Microsoft.EntityFrameworkCore.Update.Internal.BatchExecutor.ExecuteAsync(IEnumerable`1 commandBatches, IRelationalConnection connection, CancellationToken cancellationToken)
   at Microsoft.EntityFrameworkCore.ChangeTracking.Internal.StateManager.SaveChangesAsync(IList`1 entriesToSave, CancellationToken cancellationToken)
   at Microsoft.EntityFrameworkCore.ChangeTracking.Internal.StateManager.SaveChangesAsync(StateManager stateManager, Boolean acceptAllChangesOnSuccess, CancellationToken cancellationToken)
   at Npgsql.EntityFrameworkCore.PostgreSQL.Storage.Internal.NpgsqlExecutionStrategy.ExecuteAsync[TState,TResult](TState state, Func`4 operation, Func`4 verifySucceeded, CancellationToken cancellationToken)
   at Microsoft.EntityFrameworkCore.DbContext.SaveChangesAsync(Boolean acceptAllChangesOnSuccess, CancellationToken cancellationToken)
[15-09-2022 10:32:14 Fatal] [GraphQLErrorFilter >> An error occurred while saving the entity changes. See the inner exception for details. <000999> with request id  +0 ms] at <D:\C#\Microservices\backend\src\Identity\Identity.Infrastructure\Filters\GraphQLErrorFilter.cs (OnError at line 27)> <>
[15-09-2022 10:32:14 Information] [HTTP POST /graphql responded 200 in 4315.1131 ms] at <D:\C#\Microservices\backend\src\Identity\Identity.Infrastructure\Filters\GraphQLErrorFilter.cs (OnError at line 27)> <Serilog.AspNetCore.RequestLoggingMiddleware>
[15-09-2022 10:32:42 Fatal] [GraphQLErrorFilter >> dsad <000999> with request id  +0 ms] at <D:\C#\Microservices\backend\src\Identity\Identity.Infrastructure\Filters\GraphQLErrorFilter.cs (OnError at line 27)> <>
[15-09-2022 10:32:42 Information] [HTTP POST /graphql responded 200 in 207.0031 ms] at <D:\C#\Microservices\backend\src\Identity\Identity.Infrastructure\Filters\GraphQLErrorFilter.cs (OnError at line 27)> <Serilog.AspNetCore.RequestLoggingMiddleware>
[15-09-2022 10:35:07 Information] [Application is shutting down...] at <D:\C#\Microservices\backend\src\Identity\Identity.Infrastructure\Filters\GraphQLErrorFilter.cs (OnError at line 27)> <Microsoft.Hosting.Lifetime>
[15-09-2022 10:35:17 Verbose] [Discovering gRPC methods for Identity.Infrastructure.ProtobuffServices.Services.IdentityGrpcService.] at < ( at line )> <Grpc.AspNetCore.Server.Model.Internal.ServiceRouteBuilder>
[15-09-2022 10:35:17 Verbose] [Added gRPC method 'ImportUser' to service 'Internal.Grpc.IdentityService'. Method type: "Unary", HTTP method: POST, route pattern: '/Internal.Grpc.IdentityService/ImportUser'.] at < ( at line )> <Grpc.AspNetCore.Server.Model.Internal.ServiceRouteBuilder>
[15-09-2022 10:35:17 Information] [Starting web host] at < ( at line )> <>
[15-09-2022 10:35:18 Warning] [Overriding address(es) 'http://localhost:5165'. Binding to endpoints defined via IConfiguration and/or UseKestrel() instead.] at < ( at line )> <Microsoft.AspNetCore.Server.Kestrel>
[15-09-2022 10:35:18 Information] [Now listening on: http://[::]:5175] at < ( at line )> <Microsoft.Hosting.Lifetime>
[15-09-2022 10:35:18 Information] [Now listening on: http://[::]:5165] at < ( at line )> <Microsoft.Hosting.Lifetime>
[15-09-2022 10:35:18 Information] [Application started. Press Ctrl+C to shut down.] at < ( at line )> <Microsoft.Hosting.Lifetime>
[15-09-2022 10:35:18 Information] [Hosting environment: Development] at < ( at line )> <Microsoft.Hosting.Lifetime>
[15-09-2022 10:35:18 Information] [Content root path: D:\C#\Microservices\backend\src\Identity\Identity.WebApi\] at < ( at line )> <Microsoft.Hosting.Lifetime>
[15-09-2022 10:35:58 Fatal] [GraphQLErrorFilter >> dsad <000999> with request id  +0 ms] at <D:\C#\Microservices\backend\src\Identity\Identity.Infrastructure\Filters\GraphQLErrorFilter.cs (OnError at line 27)> <>
[15-09-2022 10:36:14 Information] [HTTP POST /graphql responded 200 in 51982.1183 ms] at <D:\C#\Microservices\backend\src\Identity\Identity.Infrastructure\Filters\GraphQLErrorFilter.cs (OnError at line 27)> <Serilog.AspNetCore.RequestLoggingMiddleware>
[15-09-2022 10:39:08 Verbose] [Discovering gRPC methods for Identity.Infrastructure.ProtobuffServices.Services.IdentityGrpcService.] at < ( at line )> <Grpc.AspNetCore.Server.Model.Internal.ServiceRouteBuilder>
[15-09-2022 10:39:09 Verbose] [Added gRPC method 'ImportUser' to service 'Internal.Grpc.IdentityService'. Method type: "Unary", HTTP method: POST, route pattern: '/Internal.Grpc.IdentityService/ImportUser'.] at < ( at line )> <Grpc.AspNetCore.Server.Model.Internal.ServiceRouteBuilder>
[15-09-2022 10:39:09 Information] [Starting web host] at < ( at line )> <>
[15-09-2022 10:39:09 Warning] [Overriding address(es) 'http://localhost:5165'. Binding to endpoints defined via IConfiguration and/or UseKestrel() instead.] at < ( at line )> <Microsoft.AspNetCore.Server.Kestrel>
[15-09-2022 10:39:09 Information] [Now listening on: http://[::]:5175] at < ( at line )> <Microsoft.Hosting.Lifetime>
[15-09-2022 10:39:09 Information] [Now listening on: http://[::]:5165] at < ( at line )> <Microsoft.Hosting.Lifetime>
[15-09-2022 10:39:09 Information] [Application started. Press Ctrl+C to shut down.] at < ( at line )> <Microsoft.Hosting.Lifetime>
[15-09-2022 10:39:09 Information] [Hosting environment: Development] at < ( at line )> <Microsoft.Hosting.Lifetime>
[15-09-2022 10:39:09 Information] [Content root path: D:\C#\Microservices\backend\src\Identity\Identity.WebApi\] at < ( at line )> <Microsoft.Hosting.Lifetime>
[15-09-2022 19:59:29 Verbose] [Discovering gRPC methods for Identity.Infrastructure.ProtobuffServices.Services.IdentityGrpcService.] at < ( at line )> <Grpc.AspNetCore.Server.Model.Internal.ServiceRouteBuilder>
[15-09-2022 19:59:29 Verbose] [Added gRPC method 'ImportUser' to service 'Internal.Grpc.IdentityService'. Method type: "Unary", HTTP method: POST, route pattern: '/Internal.Grpc.IdentityService/ImportUser'.] at < ( at line )> <Grpc.AspNetCore.Server.Model.Internal.ServiceRouteBuilder>
[15-09-2022 19:59:30 Information] [Starting web host] at < ( at line )> <>
[15-09-2022 20:00:01 Verbose] [Discovering gRPC methods for Identity.Infrastructure.ProtobuffServices.Services.IdentityGrpcService.] at < ( at line )> <Grpc.AspNetCore.Server.Model.Internal.ServiceRouteBuilder>
[15-09-2022 20:00:01 Verbose] [Added gRPC method 'ImportUser' to service 'Internal.Grpc.IdentityService'. Method type: "Unary", HTTP method: POST, route pattern: '/Internal.Grpc.IdentityService/ImportUser'.] at < ( at line )> <Grpc.AspNetCore.Server.Model.Internal.ServiceRouteBuilder>
[15-09-2022 20:00:01 Information] [Starting web host] at < ( at line )> <>
[15-09-2022 20:00:02 Warning] [Overriding address(es) 'http://localhost:5165'. Binding to endpoints defined via IConfiguration and/or UseKestrel() instead.] at < ( at line )> <Microsoft.AspNetCore.Server.Kestrel>
[15-09-2022 20:00:02 Information] [Now listening on: http://[::]:5175] at < ( at line )> <Microsoft.Hosting.Lifetime>
[15-09-2022 20:00:02 Information] [Now listening on: http://[::]:5165] at < ( at line )> <Microsoft.Hosting.Lifetime>
[15-09-2022 20:00:02 Information] [Application started. Press Ctrl+C to shut down.] at < ( at line )> <Microsoft.Hosting.Lifetime>
[15-09-2022 20:00:02 Information] [Hosting environment: Development] at < ( at line )> <Microsoft.Hosting.Lifetime>
[15-09-2022 20:00:02 Information] [Content root path: D:\C#\Microservices\backend\src\Identity\Identity.WebApi\] at < ( at line )> <Microsoft.Hosting.Lifetime>
[15-09-2022 20:00:25 Warning] [Failed to determine the https port for redirect.] at < ( at line )> <Microsoft.AspNetCore.HttpsPolicy.HttpsRedirectionMiddleware>
[15-09-2022 20:00:25 Information] [HTTP GET / responded 404 in 1.7363 ms] at < ( at line )> <Serilog.AspNetCore.RequestLoggingMiddleware>
[15-09-2022 20:00:27 Information] [HTTP GET /graphql responded 301 in 24.8471 ms] at < ( at line )> <Serilog.AspNetCore.RequestLoggingMiddleware>
[15-09-2022 20:00:29 Information] [HTTP GET /graphql/bcp-config.json responded 200 in 47.9038 ms] at < ( at line )> <Serilog.AspNetCore.RequestLoggingMiddleware>
[15-09-2022 20:00:29 Information] [HTTP POST /graphql responded 200 in 207.4415 ms] at < ( at line )> <Serilog.AspNetCore.RequestLoggingMiddleware>
[15-09-2022 20:00:29 Information] [HTTP POST /graphql responded 200 in 67.5856 ms] at < ( at line )> <Serilog.AspNetCore.RequestLoggingMiddleware>
[15-09-2022 20:00:30 Information] [HTTP GET /graphql/static/media/FiraCode-Medium.1bc138a84f63b384c3f2.woff2 responded 200 in 18.5581 ms] at < ( at line )> <Serilog.AspNetCore.RequestLoggingMiddleware>
[15-09-2022 20:00:30 Information] [HTTP GET /graphql/static/media/codicon.ade705761eb7e702770d.ttf responded 200 in 26.4508 ms] at < ( at line )> <Serilog.AspNetCore.RequestLoggingMiddleware>
[15-09-2022 20:00:37 Information] [HTTP POST /graphql responded 200 in 1213.5956 ms] at < ( at line )> <Serilog.AspNetCore.RequestLoggingMiddleware>
[15-09-2022 20:02:41 Information] [HTTP POST /graphql responded 200 in 25.0913 ms] at < ( at line )> <Serilog.AspNetCore.RequestLoggingMiddleware>
[15-09-2022 20:02:47 Information] [Application is shutting down...] at < ( at line )> <Microsoft.Hosting.Lifetime>
[15-09-2022 20:02:57 Verbose] [Discovering gRPC methods for Identity.Infrastructure.ProtobuffServices.Services.IdentityGrpcService.] at < ( at line )> <Grpc.AspNetCore.Server.Model.Internal.ServiceRouteBuilder>
[15-09-2022 20:02:57 Verbose] [Added gRPC method 'ImportUser' to service 'Internal.Grpc.IdentityService'. Method type: "Unary", HTTP method: POST, route pattern: '/Internal.Grpc.IdentityService/ImportUser'.] at < ( at line )> <Grpc.AspNetCore.Server.Model.Internal.ServiceRouteBuilder>
[15-09-2022 20:02:58 Information] [Starting web host] at < ( at line )> <>
[15-09-2022 20:02:58 Warning] [Overriding address(es) 'http://localhost:5165'. Binding to endpoints defined via IConfiguration and/or UseKestrel() instead.] at < ( at line )> <Microsoft.AspNetCore.Server.Kestrel>
[15-09-2022 20:02:58 Information] [Now listening on: http://[::]:5175] at < ( at line )> <Microsoft.Hosting.Lifetime>
[15-09-2022 20:02:58 Information] [Now listening on: http://[::]:5165] at < ( at line )> <Microsoft.Hosting.Lifetime>
[15-09-2022 20:02:58 Information] [Application started. Press Ctrl+C to shut down.] at < ( at line )> <Microsoft.Hosting.Lifetime>
[15-09-2022 20:02:58 Information] [Hosting environment: Development] at < ( at line )> <Microsoft.Hosting.Lifetime>
[15-09-2022 20:02:58 Information] [Content root path: D:\C#\Microservices\backend\src\Identity\Identity.WebApi\] at < ( at line )> <Microsoft.Hosting.Lifetime>
[15-09-2022 20:03:01 Warning] [Failed to determine the https port for redirect.] at < ( at line )> <Microsoft.AspNetCore.HttpsPolicy.HttpsRedirectionMiddleware>
[15-09-2022 20:03:02 Information] [HTTP POST /graphql responded 200 in 919.6736 ms] at < ( at line )> <Serilog.AspNetCore.RequestLoggingMiddleware>
[15-09-2022 20:07:34 Information] [Application is shutting down...] at < ( at line )> <Microsoft.Hosting.Lifetime>
[15-09-2022 20:07:44 Verbose] [Discovering gRPC methods for Identity.Infrastructure.ProtobuffServices.Services.IdentityGrpcService.] at < ( at line )> <Grpc.AspNetCore.Server.Model.Internal.ServiceRouteBuilder>
[15-09-2022 20:07:44 Verbose] [Added gRPC method 'ImportUser' to service 'Internal.Grpc.IdentityService'. Method type: "Unary", HTTP method: POST, route pattern: '/Internal.Grpc.IdentityService/ImportUser'.] at < ( at line )> <Grpc.AspNetCore.Server.Model.Internal.ServiceRouteBuilder>
[15-09-2022 20:07:44 Information] [Starting web host] at < ( at line )> <>
[15-09-2022 20:07:45 Warning] [Overriding address(es) 'http://localhost:5165'. Binding to endpoints defined via IConfiguration and/or UseKestrel() instead.] at < ( at line )> <Microsoft.AspNetCore.Server.Kestrel>
[15-09-2022 20:07:45 Information] [Now listening on: http://[::]:5175] at < ( at line )> <Microsoft.Hosting.Lifetime>
[15-09-2022 20:07:45 Information] [Now listening on: http://[::]:5165] at < ( at line )> <Microsoft.Hosting.Lifetime>
[15-09-2022 20:07:45 Information] [Application started. Press Ctrl+C to shut down.] at < ( at line )> <Microsoft.Hosting.Lifetime>
[15-09-2022 20:07:45 Information] [Hosting environment: Development] at < ( at line )> <Microsoft.Hosting.Lifetime>
[15-09-2022 20:07:45 Information] [Content root path: D:\C#\Microservices\backend\src\Identity\Identity.WebApi\] at < ( at line )> <Microsoft.Hosting.Lifetime>
[15-09-2022 20:07:48 Warning] [Failed to determine the https port for redirect.] at < ( at line )> <Microsoft.AspNetCore.HttpsPolicy.HttpsRedirectionMiddleware>
[15-09-2022 20:07:49 Information] [HTTP POST /graphql responded 200 in 1053.8910 ms] at < ( at line )> <Serilog.AspNetCore.RequestLoggingMiddleware>
[15-09-2022 20:07:50 Information] [HTTP POST /graphql responded 200 in 34.1504 ms] at < ( at line )> <Serilog.AspNetCore.RequestLoggingMiddleware>
[15-09-2022 20:07:51 Information] [HTTP POST /graphql responded 200 in 20.4418 ms] at < ( at line )> <Serilog.AspNetCore.RequestLoggingMiddleware>
[15-09-2022 20:07:52 Information] [HTTP POST /graphql responded 200 in 765.8315 ms] at < ( at line )> <Serilog.AspNetCore.RequestLoggingMiddleware>
[15-09-2022 20:29:07 Information] [Application is shutting down...] at < ( at line )> <Microsoft.Hosting.Lifetime>
[15-09-2022 20:33:54 Verbose] [Discovering gRPC methods for Identity.Infrastructure.ProtobuffServices.Services.IdentityGrpcService.] at < ( at line )> <Grpc.AspNetCore.Server.Model.Internal.ServiceRouteBuilder>
[15-09-2022 20:33:54 Verbose] [Added gRPC method 'ImportUser' to service 'Internal.Grpc.IdentityService'. Method type: "Unary", HTTP method: POST, route pattern: '/Internal.Grpc.IdentityService/ImportUser'.] at < ( at line )> <Grpc.AspNetCore.Server.Model.Internal.ServiceRouteBuilder>
[15-09-2022 20:33:54 Information] [Starting web host] at < ( at line )> <>
[15-09-2022 20:33:55 Warning] [Overriding address(es) 'http://localhost:5165'. Binding to endpoints defined via IConfiguration and/or UseKestrel() instead.] at < ( at line )> <Microsoft.AspNetCore.Server.Kestrel>
[15-09-2022 20:33:55 Information] [Now listening on: http://[::]:5175] at < ( at line )> <Microsoft.Hosting.Lifetime>
[15-09-2022 20:33:55 Information] [Now listening on: http://[::]:5165] at < ( at line )> <Microsoft.Hosting.Lifetime>
[15-09-2022 20:33:55 Information] [Application started. Press Ctrl+C to shut down.] at < ( at line )> <Microsoft.Hosting.Lifetime>
[15-09-2022 20:33:55 Information] [Hosting environment: Development] at < ( at line )> <Microsoft.Hosting.Lifetime>
[15-09-2022 20:33:55 Information] [Content root path: D:\C#\Microservices\backend\src\Identity\Identity.WebApi\] at < ( at line )> <Microsoft.Hosting.Lifetime>
[15-09-2022 20:35:51 Information] [Application is shutting down...] at < ( at line )> <Microsoft.Hosting.Lifetime>
[15-09-2022 20:41:50 Verbose] [Discovering gRPC methods for Identity.Infrastructure.ProtobuffServices.Services.IdentityGrpcService.] at < ( at line )> <Grpc.AspNetCore.Server.Model.Internal.ServiceRouteBuilder>
[15-09-2022 20:41:50 Verbose] [Added gRPC method 'ImportUser' to service 'Internal.Grpc.IdentityService'. Method type: "Unary", HTTP method: POST, route pattern: '/Internal.Grpc.IdentityService/ImportUser'.] at < ( at line )> <Grpc.AspNetCore.Server.Model.Internal.ServiceRouteBuilder>
[15-09-2022 20:41:50 Information] [Starting web host] at < ( at line )> <>
[15-09-2022 20:41:51 Warning] [Overriding address(es) 'http://localhost:5165'. Binding to endpoints defined via IConfiguration and/or UseKestrel() instead.] at < ( at line )> <Microsoft.AspNetCore.Server.Kestrel>
[15-09-2022 20:41:51 Information] [Now listening on: http://[::]:5175] at < ( at line )> <Microsoft.Hosting.Lifetime>
[15-09-2022 20:41:51 Information] [Now listening on: http://[::]:5165] at < ( at line )> <Microsoft.Hosting.Lifetime>
[15-09-2022 20:41:51 Information] [Application started. Press Ctrl+C to shut down.] at < ( at line )> <Microsoft.Hosting.Lifetime>
[15-09-2022 20:41:51 Information] [Hosting environment: Development] at < ( at line )> <Microsoft.Hosting.Lifetime>
[15-09-2022 20:41:51 Information] [Content root path: D:\C#\Microservices\backend\src\Identity\Identity.WebApi\] at < ( at line )> <Microsoft.Hosting.Lifetime>
[15-09-2022 20:42:08 Warning] [Failed to determine the https port for redirect.] at < ( at line )> <Microsoft.AspNetCore.HttpsPolicy.HttpsRedirectionMiddleware>
[15-09-2022 20:42:08 Fatal] [GraphQLErrorFilter >> The AMQP operation was interrupted: AMQP close-reason, initiated by Peer, code=406, text='PRECONDITION_FAILED - inequivalent arg 'durable' for queue 'product' in vhost '/': received 'false' but current is 'true'', classId=50, methodId=10 <000999> with request id  +0 ms] at <D:\C#\Microservices\backend\src\Identity\Identity.Infrastructure\Filters\GraphQLErrorFilter.cs (OnError at line 27)> <>
[15-09-2022 20:42:08 Information] [HTTP POST /graphql responded 200 in 613.8955 ms] at <D:\C#\Microservices\backend\src\Identity\Identity.Infrastructure\Filters\GraphQLErrorFilter.cs (OnError at line 27)> <Serilog.AspNetCore.RequestLoggingMiddleware>
[15-09-2022 20:42:39 Information] [Application is shutting down...] at <D:\C#\Microservices\backend\src\Identity\Identity.Infrastructure\Filters\GraphQLErrorFilter.cs (OnError at line 27)> <Microsoft.Hosting.Lifetime>
[15-09-2022 20:42:48 Verbose] [Discovering gRPC methods for Identity.Infrastructure.ProtobuffServices.Services.IdentityGrpcService.] at < ( at line )> <Grpc.AspNetCore.Server.Model.Internal.ServiceRouteBuilder>
[15-09-2022 20:42:49 Verbose] [Added gRPC method 'ImportUser' to service 'Internal.Grpc.IdentityService'. Method type: "Unary", HTTP method: POST, route pattern: '/Internal.Grpc.IdentityService/ImportUser'.] at < ( at line )> <Grpc.AspNetCore.Server.Model.Internal.ServiceRouteBuilder>
[15-09-2022 20:42:49 Information] [Starting web host] at < ( at line )> <>
[15-09-2022 20:42:50 Warning] [Overriding address(es) 'http://localhost:5165'. Binding to endpoints defined via IConfiguration and/or UseKestrel() instead.] at < ( at line )> <Microsoft.AspNetCore.Server.Kestrel>
[15-09-2022 20:42:50 Information] [Now listening on: http://[::]:5175] at < ( at line )> <Microsoft.Hosting.Lifetime>
[15-09-2022 20:42:50 Information] [Now listening on: http://[::]:5165] at < ( at line )> <Microsoft.Hosting.Lifetime>
[15-09-2022 20:42:50 Information] [Application started. Press Ctrl+C to shut down.] at < ( at line )> <Microsoft.Hosting.Lifetime>
[15-09-2022 20:42:50 Information] [Hosting environment: Development] at < ( at line )> <Microsoft.Hosting.Lifetime>
[15-09-2022 20:42:50 Information] [Content root path: D:\C#\Microservices\backend\src\Identity\Identity.WebApi\] at < ( at line )> <Microsoft.Hosting.Lifetime>
[15-09-2022 20:42:54 Warning] [Failed to determine the https port for redirect.] at < ( at line )> <Microsoft.AspNetCore.HttpsPolicy.HttpsRedirectionMiddleware>
[15-09-2022 20:42:55 Information] [HTTP POST /graphql responded 200 in 937.4777 ms] at < ( at line )> <Serilog.AspNetCore.RequestLoggingMiddleware>
[15-09-2022 20:43:10 Information] [HTTP POST /graphql responded 200 in 1055.5296 ms] at < ( at line )> <Serilog.AspNetCore.RequestLoggingMiddleware>
[15-09-2022 20:43:20 Information] [HTTP POST /graphql responded 200 in 1016.0983 ms] at < ( at line )> <Serilog.AspNetCore.RequestLoggingMiddleware>
[15-09-2022 20:43:30 Information] [HTTP POST /graphql responded 200 in 24.5551 ms] at < ( at line )> <Serilog.AspNetCore.RequestLoggingMiddleware>
[15-09-2022 22:35:04 Information] [Application is shutting down...] at < ( at line )> <Microsoft.Hosting.Lifetime>
[15-09-2022 22:35:17 Verbose] [Discovering gRPC methods for Identity.Infrastructure.ProtobuffServices.Services.IdentityGrpcService.] at < ( at line )> <Grpc.AspNetCore.Server.Model.Internal.ServiceRouteBuilder>
[15-09-2022 22:35:17 Verbose] [Added gRPC method 'ImportUser' to service 'Internal.Grpc.IdentityService'. Method type: "Unary", HTTP method: POST, route pattern: '/Internal.Grpc.IdentityService/ImportUser'.] at < ( at line )> <Grpc.AspNetCore.Server.Model.Internal.ServiceRouteBuilder>
[15-09-2022 22:35:17 Information] [Starting web host] at < ( at line )> <>
[15-09-2022 22:35:18 Warning] [Overriding address(es) 'http://localhost:5165'. Binding to endpoints defined via IConfiguration and/or UseKestrel() instead.] at < ( at line )> <Microsoft.AspNetCore.Server.Kestrel>
[15-09-2022 22:35:18 Information] [Now listening on: http://[::]:5175] at < ( at line )> <Microsoft.Hosting.Lifetime>
[15-09-2022 22:35:18 Information] [Now listening on: http://[::]:5165] at < ( at line )> <Microsoft.Hosting.Lifetime>
[15-09-2022 22:35:18 Information] [Application started. Press Ctrl+C to shut down.] at < ( at line )> <Microsoft.Hosting.Lifetime>
[15-09-2022 22:35:18 Information] [Hosting environment: Development] at < ( at line )> <Microsoft.Hosting.Lifetime>
[15-09-2022 22:35:18 Information] [Content root path: D:\C#\Microservices\backend\src\Identity\Identity.WebApi\] at < ( at line )> <Microsoft.Hosting.Lifetime>
[15-09-2022 22:35:22 Warning] [Failed to determine the https port for redirect.] at < ( at line )> <Microsoft.AspNetCore.HttpsPolicy.HttpsRedirectionMiddleware>
[15-09-2022 22:35:23 Information] [HTTP POST /graphql responded 200 in 945.7226 ms] at < ( at line )> <Serilog.AspNetCore.RequestLoggingMiddleware>
[15-09-2022 22:35:29 Information] [HTTP POST /graphql responded 200 in 23.3114 ms] at < ( at line )> <Serilog.AspNetCore.RequestLoggingMiddleware>
[15-09-2022 22:35:32 Information] [HTTP POST /graphql responded 200 in 647.3153 ms] at < ( at line )> <Serilog.AspNetCore.RequestLoggingMiddleware>
[15-09-2022 22:35:35 Information] [Application is shutting down...] at < ( at line )> <Microsoft.Hosting.Lifetime>
[15-09-2022 22:35:41 Verbose] [Discovering gRPC methods for Identity.Infrastructure.ProtobuffServices.Services.IdentityGrpcService.] at < ( at line )> <Grpc.AspNetCore.Server.Model.Internal.ServiceRouteBuilder>
[15-09-2022 22:35:41 Verbose] [Added gRPC method 'ImportUser' to service 'Internal.Grpc.IdentityService'. Method type: "Unary", HTTP method: POST, route pattern: '/Internal.Grpc.IdentityService/ImportUser'.] at < ( at line )> <Grpc.AspNetCore.Server.Model.Internal.ServiceRouteBuilder>
[15-09-2022 22:35:41 Information] [Starting web host] at < ( at line )> <>
[15-09-2022 22:35:42 Warning] [Overriding address(es) 'http://localhost:5165'. Binding to endpoints defined via IConfiguration and/or UseKestrel() instead.] at < ( at line )> <Microsoft.AspNetCore.Server.Kestrel>
[15-09-2022 22:35:42 Information] [Now listening on: http://[::]:5175] at < ( at line )> <Microsoft.Hosting.Lifetime>
[15-09-2022 22:35:42 Information] [Now listening on: http://[::]:5165] at < ( at line )> <Microsoft.Hosting.Lifetime>
[15-09-2022 22:35:42 Information] [Application started. Press Ctrl+C to shut down.] at < ( at line )> <Microsoft.Hosting.Lifetime>
[15-09-2022 22:35:42 Information] [Hosting environment: Development] at < ( at line )> <Microsoft.Hosting.Lifetime>
[15-09-2022 22:35:42 Information] [Content root path: D:\C#\Microservices\backend\src\Identity\Identity.WebApi\] at < ( at line )> <Microsoft.Hosting.Lifetime>
[15-09-2022 22:43:53 Information] [Application is shutting down...] at < ( at line )> <Microsoft.Hosting.Lifetime>
[15-09-2022 22:44:08 Verbose] [Discovering gRPC methods for Identity.Infrastructure.ProtobuffServices.Services.IdentityGrpcService.] at < ( at line )> <Grpc.AspNetCore.Server.Model.Internal.ServiceRouteBuilder>
[15-09-2022 22:44:08 Verbose] [Added gRPC method 'ImportUser' to service 'Internal.Grpc.IdentityService'. Method type: "Unary", HTTP method: POST, route pattern: '/Internal.Grpc.IdentityService/ImportUser'.] at < ( at line )> <Grpc.AspNetCore.Server.Model.Internal.ServiceRouteBuilder>
[15-09-2022 22:44:08 Information] [Starting web host] at < ( at line )> <>
[15-09-2022 22:44:11 Warning] [Overriding address(es) 'http://localhost:5165'. Binding to endpoints defined via IConfiguration and/or UseKestrel() instead.] at < ( at line )> <Microsoft.AspNetCore.Server.Kestrel>
[15-09-2022 22:44:11 Information] [Now listening on: http://[::]:5175] at < ( at line )> <Microsoft.Hosting.Lifetime>
[15-09-2022 22:44:11 Information] [Now listening on: http://[::]:5165] at < ( at line )> <Microsoft.Hosting.Lifetime>
[15-09-2022 22:44:11 Information] [Application started. Press Ctrl+C to shut down.] at < ( at line )> <Microsoft.Hosting.Lifetime>
[15-09-2022 22:44:11 Information] [Hosting environment: Development] at < ( at line )> <Microsoft.Hosting.Lifetime>
[15-09-2022 22:44:11 Information] [Content root path: D:\C#\Microservices\backend\src\Identity\Identity.WebApi\] at < ( at line )> <Microsoft.Hosting.Lifetime>
[15-09-2022 22:44:19 Warning] [Failed to determine the https port for redirect.] at < ( at line )> <Microsoft.AspNetCore.HttpsPolicy.HttpsRedirectionMiddleware>
[15-09-2022 22:44:19 Information] [HTTP GET /graphql/index.html responded 200 in 60.9246 ms] at < ( at line )> <Serilog.AspNetCore.RequestLoggingMiddleware>
[15-09-2022 22:44:20 Information] [HTTP GET /graphql/bcp-config.json responded 200 in 35.7451 ms] at < ( at line )> <Serilog.AspNetCore.RequestLoggingMiddleware>
[15-09-2022 22:44:21 Information] [HTTP POST /graphql responded 200 in 226.0903 ms] at < ( at line )> <Serilog.AspNetCore.RequestLoggingMiddleware>
[15-09-2022 22:44:21 Information] [HTTP POST /graphql responded 200 in 83.0572 ms] at < ( at line )> <Serilog.AspNetCore.RequestLoggingMiddleware>
[15-09-2022 22:44:24 Information] [HTTP POST /graphql responded 200 in 1241.1077 ms] at < ( at line )> <Serilog.AspNetCore.RequestLoggingMiddleware>
[15-09-2022 22:44:28 Information] [HTTP POST /graphql responded 200 in 21.7383 ms] at < ( at line )> <Serilog.AspNetCore.RequestLoggingMiddleware>
[15-09-2022 22:44:29 Information] [HTTP POST /graphql responded 200 in 988.3906 ms] at < ( at line )> <Serilog.AspNetCore.RequestLoggingMiddleware>
[15-09-2022 22:44:31 Information] [HTTP POST /graphql responded 200 in 910.1725 ms] at < ( at line )> <Serilog.AspNetCore.RequestLoggingMiddleware>
[15-09-2022 23:13:31 Information] [Application is shutting down...] at < ( at line )> <Microsoft.Hosting.Lifetime>
